d:\vsproject\3dreconstruction\my_sfm\my_sfm\x64\debug\vc120.pdb
d:\vsproject\3dreconstruction\my_sfm\my_sfm\x64\debug\vc120.idb
d:\vsproject\3dreconstruction\my_sfm\my_sfm\x64\debug\funcs.obj
d:\vsproject\3dreconstruction\my_sfm\my_sfm\x64\debug\main.obj
d:\vsproject\3dreconstruction\my_sfm\x64\debug\my_sfm.ilk
d:\vsproject\3dreconstruction\my_sfm\x64\debug\my_sfm.exe
d:\vsproject\3dreconstruction\my_sfm\x64\debug\my_sfm.pdb
c:\users\zdz\desktop\git\my_sfm\my_sfm\x64\debug\funcs.obj
c:\users\zdz\desktop\git\my_sfm\my_sfm\x64\debug\main.obj
c:\users\zdz\desktop\git\my_sfm\my_sfm\x64\debug\vc120.idb
c:\users\zdz\desktop\git\my_sfm\my_sfm\x64\debug\vc120.pdb
c:\users\zdz\desktop\git\my_sfm\x64\debug\my_sfm.pdb
c:\users\zdz\desktop\git\my_sfm\x64\debug\my_sfm.exe
c:\users\zdz\desktop\git\my_sfm\x64\debug\my_sfm.ilk
c:\users\zdz\desktop\git\my_sfm\my_sfm\x64\debug\my_sfm.tlog\cl.command.1.tlog
c:\users\zdz\desktop\git\my_sfm\my_sfm\x64\debug\my_sfm.tlog\cl.read.1.tlog
c:\users\zdz\desktop\git\my_sfm\my_sfm\x64\debug\my_sfm.tlog\cl.write.1.tlog
c:\users\zdz\desktop\git\my_sfm\my_sfm\x64\debug\my_sfm.tlog\link.command.1.tlog
c:\users\zdz\desktop\git\my_sfm\my_sfm\x64\debug\my_sfm.tlog\link.read.1.tlog
c:\users\zdz\desktop\git\my_sfm\my_sfm\x64\debug\my_sfm.tlog\link.write.1.tlog
